INFO:root: ================================================== 2025-08-12 18:43:39 ==================================================

            Simulation Results For mabs.mab_case3

            {'action_idx': np.int64(2),
 'action_set': array([1, 2, 4, 5, 8]),
 'epsilon_decay': 0.05,
 'epsilon_initial': 0.99,
 'epsilon_mab': 0.2,
 'epsilon_min': 0,
 'learning_rate_mab': 0.5,
 'nakagami_shape_param': 2.0,
 'num_antennas': 64,
 'num_coherence_symbols': np.int64(1000),
 'num_data_symbols': 500,
 'num_episode_cmab': 60,
 'num_episode_mab': 100,
 'num_jn': 1,
 'num_pilot_block': np.int64(4),
 'num_pilot_symbols': 20,
 'num_sn': 4,
 'policy': <function epsilon_greedy at 0x000002106A7E99D0>,
 'snr_jn': np.int64(40),
 'snr_tn': np.int64(10)}

            {'coherence_per_part': [5000, 5000, 3000, 3000, 1000, 1000],
 'optimal_actions_idx_per_part': [2, 2, 2, 2, 2, 2, 2, 2, 2],
 'part_size': 40,
 'snr_jn_per_part': [20, 30, 30, 40, 40, 40],
 'snr_tn_per_part': [20, 20, 20, 15, 15, 10]}

            ==================================================================================================== 
 
