INFO:root: ================================================== 2025-08-29 13:41:55 ==================================================

            Simulation Results For sen2_k16_NoAJ

            {'action_idx': 0,
 'action_set': array([1, 1]),
 'epsilon_decay': 0.05,
 'epsilon_initial': 0.99,
 'epsilon_mab': 0.2,
 'epsilon_min': 0,
 'learning_rate_mab': 0.5,
 'nakagami_shape_param': 2.0,
 'num_antennas': 64,
 'num_coherence_symbols': np.int64(1000),
 'num_data_symbols': 500,
 'num_episode_cmab': 60,
 'num_episode_mab': 100,
 'num_jn': 1,
 'num_pilot_block': 1,
 'num_pilot_symbols': 20,
 'num_sn': 16,
 'policy': <function epsilon_greedy at 0x000002D75725DF70>,
 'snr_jn': np.int64(40),
 'snr_tn': np.int64(5)}

            {'coherence_per_part': [5000, 3000, 1000],
 'optimal_actions_idx_per_part': [2, 2, 2, 2, 2, 2, 2, 2, 2],
 'part_size': 100,
 'snr_jn_per_part': [20, 40, 40],
 'snr_tn_per_part': [20, 15, 5]}

            ==================================================================================================== 
 
